The system is: Linux - 4.15.0-154-generic - x86_64
Compiling the C compiler identification source file "CMakeCCompilerId.c" succeeded.
Compiler: /usr/bin/clang 
Build flags: 
Id flags:  

The output was:
0


Compilation of the C compiler identification source "CMakeCCompilerId.c" produced "a.out"

The C compiler identification is Clang, found in "/home/jacob/Desktop/OO-Types/CMakeFiles/3.10.2/CompilerIdC/a.out"

Compiling the CXX compiler identification source file "CMakeCXXCompilerId.cpp" succeeded.
Compiler: /usr/bin/clang++ 
Build flags: 
Id flags:  

The output was:
0


Compilation of the CXX compiler identification source "CMakeCXXCompilerId.cpp" produced "a.out"

The CXX compiler identification is Clang, found in "/home/jacob/Desktop/OO-Types/CMakeFiles/3.10.2/CompilerIdCXX/a.out"

Determining if the C compiler works passed with the following output:
Change Dir: /home/jacob/Desktop/OO-Types/CMakeFiles/CMakeTmp

Run Build Command:"/usr/bin/make" "cmTC_68eb4/fast"
/usr/bin/make -f CMakeFiles/cmTC_68eb4.dir/build.make CMakeFiles/cmTC_68eb4.dir/build
make[1]: Entering directory '/home/jacob/Desktop/OO-Types/CMakeFiles/CMakeTmp'
Building C object CMakeFiles/cmTC_68eb4.dir/testCCompiler.c.o
/usr/bin/clang    -o CMakeFiles/cmTC_68eb4.dir/testCCompiler.c.o   -c /home/jacob/Desktop/OO-Types/CMakeFiles/CMakeTmp/testCCompiler.c
Linking C executable cmTC_68eb4
/usr/bin/cmake -E cmake_link_script CMakeFiles/cmTC_68eb4.dir/link.txt --verbose=1
/usr/bin/clang      CMakeFiles/cmTC_68eb4.dir/testCCompiler.c.o  -o cmTC_68eb4 
make[1]: Leaving directory '/home/jacob/Desktop/OO-Types/CMakeFiles/CMakeTmp'


Detecting C compiler ABI info compiled with the following output:
Change Dir: /home/jacob/Desktop/OO-Types/CMakeFiles/CMakeTmp

Run Build Command:"/usr/bin/make" "cmTC_e10fd/fast"
/usr/bin/make -f CMakeFiles/cmTC_e10fd.dir/build.make CMakeFiles/cmTC_e10fd.dir/build
make[1]: Entering directory '/home/jacob/Desktop/OO-Types/CMakeFiles/CMakeTmp'
Building C object CMakeFiles/cmTC_e10fd.dir/CMakeCCompilerABI.c.o
/usr/bin/clang    -o CMakeFiles/cmTC_e10fd.dir/CMakeCCompilerABI.c.o   -c /usr/share/cmake-3.10/Modules/CMakeCCompilerABI.c
Linking C executable cmTC_e10fd
/usr/bin/cmake -E cmake_link_script CMakeFiles/cmTC_e10fd.dir/link.txt --verbose=1
/usr/bin/clang     -v CMakeFiles/cmTC_e10fd.dir/CMakeCCompilerABI.c.o  -o cmTC_e10fd 
clang version 6.0.0-1ubuntu2 (tags/RELEASE_600/final)
Target: x86_64-pc-linux-gnu
Thread model: posix
InstalledDir: /usr/bin
Found candidate GCC installation: /usr/bin/../lib/gcc/i686-linux-gnu/8
Found candidate GCC installation: /usr/bin/../lib/gcc/x86_64-linux-gnu/4.8
Found candidate GCC installation: /usr/bin/../lib/gcc/x86_64-linux-gnu/4.8.5
Found candidate GCC installation: /usr/bin/../lib/gcc/x86_64-linux-gnu/6
Found candidate GCC installation: /usr/bin/../lib/gcc/x86_64-linux-gnu/6.5.0
Found candidate GCC installation: /usr/bin/../lib/gcc/x86_64-linux-gnu/7
Found candidate GCC installation: /usr/bin/../lib/gcc/x86_64-linux-gnu/7.5.0
Found candidate GCC installation: /usr/bin/../lib/gcc/x86_64-linux-gnu/8
Found candidate GCC installation: /usr/lib/gcc/i686-linux-gnu/8
Found candidate GCC installation: /usr/lib/gcc/x86_64-linux-gnu/4.8
Found candidate GCC installation: /usr/lib/gcc/x86_64-linux-gnu/4.8.5
Found candidate GCC installation: /usr/lib/gcc/x86_64-linux-gnu/6
Found candidate GCC installation: /usr/lib/gcc/x86_64-linux-gnu/6.5.0
Found candidate GCC installation: /usr/lib/gcc/x86_64-linux-gnu/7
Found candidate GCC installation: /usr/lib/gcc/x86_64-linux-gnu/7.5.0
Found candidate GCC installation: /usr/lib/gcc/x86_64-linux-gnu/8
Selected GCC installation: /usr/bin/../lib/gcc/x86_64-linux-gnu/7.5.0
Candidate multilib: .;@m64
Candidate multilib: 32;@m32
Candidate multilib: x32;@mx32
Selected multilib: .;@m64
 "/usr/bin/ld" --eh-frame-hdr -m elf_x86_64 -dynamic-linker /lib64/ld-linux-x86-64.so.2 -o cmTC_e10fd /usr/bin/../lib/gcc/x86_64-linux-gnu/7.5.0/../../../x86_64-linux-gnu/crt1.o /usr/bin/../lib/gcc/x86_64-linux-gnu/7.5.0/../../../x86_64-linux-gnu/crti.o /usr/bin/../lib/gcc/x86_64-linux-gnu/7.5.0/crtbegin.o -L/usr/bin/../lib/gcc/x86_64-linux-gnu/7.5.0 -L/usr/bin/../lib/gcc/x86_64-linux-gnu/7.5.0/../../../../x86_64-linux-gnu/lib/../lib64 -L/usr/bin/../lib/gcc/x86_64-linux-gnu/7.5.0/../../../x86_64-linux-gnu -L/lib/x86_64-linux-gnu -L/lib/../lib64 -L/usr/lib/x86_64-linux-gnu -L/usr/bin/../lib/gcc/x86_64-linux-gnu/7.5.0/../../../../x86_64-linux-gnu/lib -L/usr/bin/../lib/gcc/x86_64-linux-gnu/7.5.0/../../.. -L/usr/lib/llvm-6.0/bin/../lib -L/lib -L/usr/lib CMakeFiles/cmTC_e10fd.dir/CMakeCCompilerABI.c.o -lgcc --as-needed -lgcc_s --no-as-needed -lc -lgcc --as-needed -lgcc_s --no-as-needed /usr/bin/../lib/gcc/x86_64-linux-gnu/7.5.0/crtend.o /usr/bin/../lib/gcc/x86_64-linux-gnu/7.5.0/../../../x86_64-linux-gnu/crtn.o
make[1]: Leaving directory '/home/jacob/Desktop/OO-Types/CMakeFiles/CMakeTmp'


Parsed C implicit link information from above output:
  link line regex: [^( *|.*[/\])(ld|CMAKE_LINK_STARTFILE-NOTFOUND|([^/\]+-)?ld|collect2)[^/\]*( |$)]
  ignore line: [Change Dir: /home/jacob/Desktop/OO-Types/CMakeFiles/CMakeTmp]
  ignore line: []
  ignore line: [Run Build Command:"/usr/bin/make" "cmTC_e10fd/fast"]
  ignore line: [/usr/bin/make -f CMakeFiles/cmTC_e10fd.dir/build.make CMakeFiles/cmTC_e10fd.dir/build]
  ignore line: [make[1]: Entering directory '/home/jacob/Desktop/OO-Types/CMakeFiles/CMakeTmp']
  ignore line: [Building C object CMakeFiles/cmTC_e10fd.dir/CMakeCCompilerABI.c.o]
  ignore line: [/usr/bin/clang    -o CMakeFiles/cmTC_e10fd.dir/CMakeCCompilerABI.c.o   -c /usr/share/cmake-3.10/Modules/CMakeCCompilerABI.c]
  ignore line: [Linking C executable cmTC_e10fd]
  ignore line: [/usr/bin/cmake -E cmake_link_script CMakeFiles/cmTC_e10fd.dir/link.txt --verbose=1]
  ignore line: [/usr/bin/clang     -v CMakeFiles/cmTC_e10fd.dir/CMakeCCompilerABI.c.o  -o cmTC_e10fd ]
  ignore line: [clang version 6.0.0-1ubuntu2 (tags/RELEASE_600/final)]
  ignore line: [Target: x86_64-pc-linux-gnu]
  ignore line: [Thread model: posix]
  ignore line: [InstalledDir: /usr/bin]
  ignore line: [Found candidate GCC installation: /usr/bin/../lib/gcc/i686-linux-gnu/8]
  ignore line: [Found candidate GCC installation: /usr/bin/../lib/gcc/x86_64-linux-gnu/4.8]
  ignore line: [Found candidate GCC installation: /usr/bin/../lib/gcc/x86_64-linux-gnu/4.8.5]
  ignore line: [Found candidate GCC installation: /usr/bin/../lib/gcc/x86_64-linux-gnu/6]
  ignore line: [Found candidate GCC installation: /usr/bin/../lib/gcc/x86_64-linux-gnu/6.5.0]
  ignore line: [Found candidate GCC installation: /usr/bin/../lib/gcc/x86_64-linux-gnu/7]
  ignore line: [Found candidate GCC installation: /usr/bin/../lib/gcc/x86_64-linux-gnu/7.5.0]
  ignore line: [Found candidate GCC installation: /usr/bin/../lib/gcc/x86_64-linux-gnu/8]
  ignore line: [Found candidate GCC installation: /usr/lib/gcc/i686-linux-gnu/8]
  ignore line: [Found candidate GCC installation: /usr/lib/gcc/x86_64-linux-gnu/4.8]
  ignore line: [Found candidate GCC installation: /usr/lib/gcc/x86_64-linux-gnu/4.8.5]
  ignore line: [Found candidate GCC installation: /usr/lib/gcc/x86_64-linux-gnu/6]
  ignore line: [Found candidate GCC installation: /usr/lib/gcc/x86_64-linux-gnu/6.5.0]
  ignore line: [Found candidate GCC installation: /usr/lib/gcc/x86_64-linux-gnu/7]
  ignore line: [Found candidate GCC installation: /usr/lib/gcc/x86_64-linux-gnu/7.5.0]
  ignore line: [Found candidate GCC installation: /usr/lib/gcc/x86_64-linux-gnu/8]
  ignore line: [Selected GCC installation: /usr/bin/../lib/gcc/x86_64-linux-gnu/7.5.0]
  ignore line: [Candidate multilib: .]
  ignore line: [@m64]
  ignore line: [Candidate multilib: 32]
  ignore line: [@m32]
  ignore line: [Candidate multilib: x32]
  ignore line: [@mx32]
  ignore line: [Selected multilib: .]
  ignore line: [@m64]
  link line: [ "/usr/bin/ld" --eh-frame-hdr -m elf_x86_64 -dynamic-linker /lib64/ld-linux-x86-64.so.2 -o cmTC_e10fd /usr/bin/../lib/gcc/x86_64-linux-gnu/7.5.0/../../../x86_64-linux-gnu/crt1.o /usr/bin/../lib/gcc/x86_64-linux-gnu/7.5.0/../../../x86_64-linux-gnu/crti.o /usr/bin/../lib/gcc/x86_64-linux-gnu/7.5.0/crtbegin.o -L/usr/bin/../lib/gcc/x86_64-linux-gnu/7.5.0 -L/usr/bin/../lib/gcc/x86_64-linux-gnu/7.5.0/../../../../x86_64-linux-gnu/lib/../lib64 -L/usr/bin/../lib/gcc/x86_64-linux-gnu/7.5.0/../../../x86_64-linux-gnu -L/lib/x86_64-linux-gnu -L/lib/../lib64 -L/usr/lib/x86_64-linux-gnu -L/usr/bin/../lib/gcc/x86_64-linux-gnu/7.5.0/../../../../x86_64-linux-gnu/lib -L/usr/bin/../lib/gcc/x86_64-linux-gnu/7.5.0/../../.. -L/usr/lib/llvm-6.0/bin/../lib -L/lib -L/usr/lib CMakeFiles/cmTC_e10fd.dir/CMakeCCompilerABI.c.o -lgcc --as-needed -lgcc_s --no-as-needed -lc -lgcc --as-needed -lgcc_s --no-as-needed /usr/bin/../lib/gcc/x86_64-linux-gnu/7.5.0/crtend.o /usr/bin/../lib/gcc/x86_64-linux-gnu/7.5.0/../../../x86_64-linux-gnu/crtn.o]
    arg [/usr/bin/ld] ==> ignore
    arg [--eh-frame-hdr] ==> ignore
    arg [-m] ==> ignore
    arg [elf_x86_64] ==> ignore
    arg [-dynamic-linker] ==> ignore
    arg [/lib64/ld-linux-x86-64.so.2] ==> ignore
    arg [-o] ==> ignore
    arg [cmTC_e10fd] ==> ignore
    arg [/usr/bin/../lib/gcc/x86_64-linux-gnu/7.5.0/../../../x86_64-linux-gnu/crt1.o] ==> ignore
    arg [/usr/bin/../lib/gcc/x86_64-linux-gnu/7.5.0/../../../x86_64-linux-gnu/crti.o] ==> ignore
    arg [/usr/bin/../lib/gcc/x86_64-linux-gnu/7.5.0/crtbegin.o] ==> ignore
    arg [-L/usr/bin/../lib/gcc/x86_64-linux-gnu/7.5.0] ==> dir [/usr/bin/../lib/gcc/x86_64-linux-gnu/7.5.0]
    arg [-L/usr/bin/../lib/gcc/x86_64-linux-gnu/7.5.0/../../../../x86_64-linux-gnu/lib/../lib64] ==> dir [/usr/bin/../lib/gcc/x86_64-linux-gnu/7.5.0/../../../../x86_64-linux-gnu/lib/../lib64]
    arg [-L/usr/bin/../lib/gcc/x86_64-linux-gnu/7.5.0/../../../x86_64-linux-gnu] ==> dir [/usr/bin/../lib/gcc/x86_64-linux-gnu/7.5.0/../../../x86_64-linux-gnu]
    arg [-L/lib/x86_64-linux-gnu] ==> dir [/lib/x86_64-linux-gnu]
    arg [-L/lib/../lib64] ==> dir [/lib/../lib64]
    arg [-L/usr/lib/x86_64-linux-gnu] ==> dir [/usr/lib/x86_64-linux-gnu]
    arg [-L/usr/bin/../lib/gcc/x86_64-linux-gnu/7.5.0/../../../../x86_64-linux-gnu/lib] ==> dir [/usr/bin/../lib/gcc/x86_64-linux-gnu/7.5.0/../../../../x86_64-linux-gnu/lib]
    arg [-L/usr/bin/../lib/gcc/x86_64-linux-gnu/7.5.0/../../..] ==> dir [/usr/bin/../lib/gcc/x86_64-linux-gnu/7.5.0/../../..]
    arg [-L/usr/lib/llvm-6.0/bin/../lib] ==> dir [/usr/lib/llvm-6.0/bin/../lib]
    arg [-L/lib] ==> dir [/lib]
    arg [-L/usr/lib] ==> dir [/usr/lib]
    arg [CMakeFiles/cmTC_e10fd.dir/CMakeCCompilerABI.c.o] ==> ignore
    arg [-lgcc] ==> lib [gcc]
    arg [--as-needed] ==> ignore
    arg [-lgcc_s] ==> lib [gcc_s]
    arg [--no-as-needed] ==> ignore
    arg [-lc] ==> lib [c]
    arg [-lgcc] ==> lib [gcc]
    arg [--as-needed] ==> ignore
    arg [-lgcc_s] ==> lib [gcc_s]
    arg [--no-as-needed] ==> ignore
    arg [/usr/bin/../lib/gcc/x86_64-linux-gnu/7.5.0/crtend.o] ==> ignore
    arg [/usr/bin/../lib/gcc/x86_64-linux-gnu/7.5.0/../../../x86_64-linux-gnu/crtn.o] ==> ignore
  collapse library dir [/usr/bin/../lib/gcc/x86_64-linux-gnu/7.5.0] ==> [/usr/lib/gcc/x86_64-linux-gnu/7.5.0]
  collapse library dir [/usr/bin/../lib/gcc/x86_64-linux-gnu/7.5.0/../../../../x86_64-linux-gnu/lib/../lib64] ==> [/usr/x86_64-linux-gnu/lib64]
  collapse library dir [/usr/bin/../lib/gcc/x86_64-linux-gnu/7.5.0/../../../x86_64-linux-gnu] ==> [/usr/lib/x86_64-linux-gnu]
  collapse library dir [/lib/x86_64-linux-gnu] ==> [/lib/x86_64-linux-gnu]
  collapse library dir [/lib/../lib64] ==> [/lib64]
  collapse library dir [/usr/lib/x86_64-linux-gnu] ==> [/usr/lib/x86_64-linux-gnu]
  collapse library dir [/usr/bin/../lib/gcc/x86_64-linux-gnu/7.5.0/../../../../x86_64-linux-gnu/lib] ==> [/usr/x86_64-linux-gnu/lib]
  collapse library dir [/usr/bin/../lib/gcc/x86_64-linux-gnu/7.5.0/../../..] ==> [/usr/lib]
  collapse library dir [/usr/lib/llvm-6.0/bin/../lib] ==> [/usr/lib/llvm-6.0/lib]
  collapse library dir [/lib] ==> [/lib]
  collapse library dir [/usr/lib] ==> [/usr/lib]
  implicit libs: [gcc;gcc_s;c;gcc;gcc_s]
  implicit dirs: [/usr/lib/gcc/x86_64-linux-gnu/7.5.0;/usr/x86_64-linux-gnu/lib64;/usr/lib/x86_64-linux-gnu;/lib/x86_64-linux-gnu;/lib64;/usr/x86_64-linux-gnu/lib;/usr/lib;/usr/lib/llvm-6.0/lib;/lib]
  implicit fwks: []




Detecting C [-std=c11] compiler features compiled with the following output:
Change Dir: /home/jacob/Desktop/OO-Types/CMakeFiles/CMakeTmp

Run Build Command:"/usr/bin/make" "cmTC_9bff4/fast"
/usr/bin/make -f CMakeFiles/cmTC_9bff4.dir/build.make CMakeFiles/cmTC_9bff4.dir/build
make[1]: Entering directory '/home/jacob/Desktop/OO-Types/CMakeFiles/CMakeTmp'
Building C object CMakeFiles/cmTC_9bff4.dir/feature_tests.c.o
/usr/bin/clang   -std=c11 -o CMakeFiles/cmTC_9bff4.dir/feature_tests.c.o   -c /home/jacob/Desktop/OO-Types/CMakeFiles/feature_tests.c
Linking C executable cmTC_9bff4
/usr/bin/cmake -E cmake_link_script CMakeFiles/cmTC_9bff4.dir/link.txt --verbose=1
/usr/bin/clang      CMakeFiles/cmTC_9bff4.dir/feature_tests.c.o  -o cmTC_9bff4 
make[1]: Leaving directory '/home/jacob/Desktop/OO-Types/CMakeFiles/CMakeTmp'


    Feature record: C_FEATURE:1c_function_prototypes
    Feature record: C_FEATURE:1c_restrict
    Feature record: C_FEATURE:1c_static_assert
    Feature record: C_FEATURE:1c_variadic_macros


Detecting C [-std=c99] compiler features compiled with the following output:
Change Dir: /home/jacob/Desktop/OO-Types/CMakeFiles/CMakeTmp

Run Build Command:"/usr/bin/make" "cmTC_c2f3a/fast"
/usr/bin/make -f CMakeFiles/cmTC_c2f3a.dir/build.make CMakeFiles/cmTC_c2f3a.dir/build
make[1]: Entering directory '/home/jacob/Desktop/OO-Types/CMakeFiles/CMakeTmp'
Building C object CMakeFiles/cmTC_c2f3a.dir/feature_tests.c.o
/usr/bin/clang   -std=c99 -o CMakeFiles/cmTC_c2f3a.dir/feature_tests.c.o   -c /home/jacob/Desktop/OO-Types/CMakeFiles/feature_tests.c
Linking C executable cmTC_c2f3a
/usr/bin/cmake -E cmake_link_script CMakeFiles/cmTC_c2f3a.dir/link.txt --verbose=1
/usr/bin/clang      CMakeFiles/cmTC_c2f3a.dir/feature_tests.c.o  -o cmTC_c2f3a 
make[1]: Leaving directory '/home/jacob/Desktop/OO-Types/CMakeFiles/CMakeTmp'


    Feature record: C_FEATURE:1c_function_prototypes
    Feature record: C_FEATURE:1c_restrict
    Feature record: C_FEATURE:0c_static_assert
    Feature record: C_FEATURE:1c_variadic_macros


Detecting C [-std=c90] compiler features compiled with the following output:
Change Dir: /home/jacob/Desktop/OO-Types/CMakeFiles/CMakeTmp

Run Build Command:"/usr/bin/make" "cmTC_ff478/fast"
/usr/bin/make -f CMakeFiles/cmTC_ff478.dir/build.make CMakeFiles/cmTC_ff478.dir/build
make[1]: Entering directory '/home/jacob/Desktop/OO-Types/CMakeFiles/CMakeTmp'
Building C object CMakeFiles/cmTC_ff478.dir/feature_tests.c.o
/usr/bin/clang   -std=c90 -o CMakeFiles/cmTC_ff478.dir/feature_tests.c.o   -c /home/jacob/Desktop/OO-Types/CMakeFiles/feature_tests.c
Linking C executable cmTC_ff478
/usr/bin/cmake -E cmake_link_script CMakeFiles/cmTC_ff478.dir/link.txt --verbose=1
/usr/bin/clang      CMakeFiles/cmTC_ff478.dir/feature_tests.c.o  -o cmTC_ff478 
make[1]: Leaving directory '/home/jacob/Desktop/OO-Types/CMakeFiles/CMakeTmp'


    Feature record: C_FEATURE:1c_function_prototypes
    Feature record: C_FEATURE:0c_restrict
    Feature record: C_FEATURE:0c_static_assert
    Feature record: C_FEATURE:0c_variadic_macros
Determining if the CXX compiler works passed with the following output:
Change Dir: /home/jacob/Desktop/OO-Types/CMakeFiles/CMakeTmp

Run Build Command:"/usr/bin/make" "cmTC_fd894/fast"
/usr/bin/make -f CMakeFiles/cmTC_fd894.dir/build.make CMakeFiles/cmTC_fd894.dir/build
make[1]: Entering directory '/home/jacob/Desktop/OO-Types/CMakeFiles/CMakeTmp'
Building CXX object CMakeFiles/cmTC_fd894.dir/testCXXCompiler.cxx.o
/usr/bin/clang++    -std=gnu++1z -o CMakeFiles/cmTC_fd894.dir/testCXXCompiler.cxx.o -c /home/jacob/Desktop/OO-Types/CMakeFiles/CMakeTmp/testCXXCompiler.cxx
Linking CXX executable cmTC_fd894
/usr/bin/cmake -E cmake_link_script CMakeFiles/cmTC_fd894.dir/link.txt --verbose=1
/usr/bin/clang++       CMakeFiles/cmTC_fd894.dir/testCXXCompiler.cxx.o  -o cmTC_fd894 
make[1]: Leaving directory '/home/jacob/Desktop/OO-Types/CMakeFiles/CMakeTmp'


Detecting CXX compiler ABI info compiled with the following output:
Change Dir: /home/jacob/Desktop/OO-Types/CMakeFiles/CMakeTmp

Run Build Command:"/usr/bin/make" "cmTC_af87f/fast"
/usr/bin/make -f CMakeFiles/cmTC_af87f.dir/build.make CMakeFiles/cmTC_af87f.dir/build
make[1]: Entering directory '/home/jacob/Desktop/OO-Types/CMakeFiles/CMakeTmp'
Building CXX object CMakeFiles/cmTC_af87f.dir/CMakeCXXCompilerABI.cpp.o
/usr/bin/clang++    -std=gnu++1z -o CMakeFiles/cmTC_af87f.dir/CMakeCXXCompilerABI.cpp.o -c /usr/share/cmake-3.10/Modules/CMakeCXXCompilerABI.cpp
Linking CXX executable cmTC_af87f
/usr/bin/cmake -E cmake_link_script CMakeFiles/cmTC_af87f.dir/link.txt --verbose=1
/usr/bin/clang++      -v CMakeFiles/cmTC_af87f.dir/CMakeCXXCompilerABI.cpp.o  -o cmTC_af87f 
clang version 6.0.0-1ubuntu2 (tags/RELEASE_600/final)
Target: x86_64-pc-linux-gnu
Thread model: posix
InstalledDir: /usr/bin
Found candidate GCC installation: /usr/bin/../lib/gcc/i686-linux-gnu/8
Found candidate GCC installation: /usr/bin/../lib/gcc/x86_64-linux-gnu/4.8
Found candidate GCC installation: /usr/bin/../lib/gcc/x86_64-linux-gnu/4.8.5
Found candidate GCC installation: /usr/bin/../lib/gcc/x86_64-linux-gnu/6
Found candidate GCC installation: /usr/bin/../lib/gcc/x86_64-linux-gnu/6.5.0
Found candidate GCC installation: /usr/bin/../lib/gcc/x86_64-linux-gnu/7
Found candidate GCC installation: /usr/bin/../lib/gcc/x86_64-linux-gnu/7.5.0
Found candidate GCC installation: /usr/bin/../lib/gcc/x86_64-linux-gnu/8
Found candidate GCC installation: /usr/lib/gcc/i686-linux-gnu/8
Found candidate GCC installation: /usr/lib/gcc/x86_64-linux-gnu/4.8
Found candidate GCC installation: /usr/lib/gcc/x86_64-linux-gnu/4.8.5
Found candidate GCC installation: /usr/lib/gcc/x86_64-linux-gnu/6
Found candidate GCC installation: /usr/lib/gcc/x86_64-linux-gnu/6.5.0
Found candidate GCC installation: /usr/lib/gcc/x86_64-linux-gnu/7
Found candidate GCC installation: /usr/lib/gcc/x86_64-linux-gnu/7.5.0
Found candidate GCC installation: /usr/lib/gcc/x86_64-linux-gnu/8
Selected GCC installation: /usr/bin/../lib/gcc/x86_64-linux-gnu/7.5.0
Candidate multilib: .;@m64
Candidate multilib: 32;@m32
Candidate multilib: x32;@mx32
Selected multilib: .;@m64
 "/usr/bin/ld" --eh-frame-hdr -m elf_x86_64 -dynamic-linker /lib64/ld-linux-x86-64.so.2 -o cmTC_af87f /usr/bin/../lib/gcc/x86_64-linux-gnu/7.5.0/../../../x86_64-linux-gnu/crt1.o /usr/bin/../lib/gcc/x86_64-linux-gnu/7.5.0/../../../x86_64-linux-gnu/crti.o /usr/bin/../lib/gcc/x86_64-linux-gnu/7.5.0/crtbegin.o -L/usr/bin/../lib/gcc/x86_64-linux-gnu/7.5.0 -L/usr/bin/../lib/gcc/x86_64-linux-gnu/7.5.0/../../../../x86_64-linux-gnu/lib/../lib64 -L/usr/bin/../lib/gcc/x86_64-linux-gnu/7.5.0/../../../x86_64-linux-gnu -L/lib/x86_64-linux-gnu -L/lib/../lib64 -L/usr/lib/x86_64-linux-gnu -L/usr/bin/../lib/gcc/x86_64-linux-gnu/7.5.0/../../../../x86_64-linux-gnu/lib -L/usr/bin/../lib/gcc/x86_64-linux-gnu/7.5.0/../../.. -L/usr/lib/llvm-6.0/bin/../lib -L/lib -L/usr/lib CMakeFiles/cmTC_af87f.dir/CMakeCXXCompilerABI.cpp.o -lstdc++ -lm -lgcc_s -lgcc -lc -lgcc_s -lgcc /usr/bin/../lib/gcc/x86_64-linux-gnu/7.5.0/crtend.o /usr/bin/../lib/gcc/x86_64-linux-gnu/7.5.0/../../../x86_64-linux-gnu/crtn.o
make[1]: Leaving directory '/home/jacob/Desktop/OO-Types/CMakeFiles/CMakeTmp'


Parsed CXX implicit link information from above output:
  link line regex: [^( *|.*[/\])(ld|CMAKE_LINK_STARTFILE-NOTFOUND|([^/\]+-)?ld|collect2)[^/\]*( |$)]
  ignore line: [Change Dir: /home/jacob/Desktop/OO-Types/CMakeFiles/CMakeTmp]
  ignore line: []
  ignore line: [Run Build Command:"/usr/bin/make" "cmTC_af87f/fast"]
  ignore line: [/usr/bin/make -f CMakeFiles/cmTC_af87f.dir/build.make CMakeFiles/cmTC_af87f.dir/build]
  ignore line: [make[1]: Entering directory '/home/jacob/Desktop/OO-Types/CMakeFiles/CMakeTmp']
  ignore line: [Building CXX object CMakeFiles/cmTC_af87f.dir/CMakeCXXCompilerABI.cpp.o]
  ignore line: [/usr/bin/clang++    -std=gnu++1z -o CMakeFiles/cmTC_af87f.dir/CMakeCXXCompilerABI.cpp.o -c /usr/share/cmake-3.10/Modules/CMakeCXXCompilerABI.cpp]
  ignore line: [Linking CXX executable cmTC_af87f]
  ignore line: [/usr/bin/cmake -E cmake_link_script CMakeFiles/cmTC_af87f.dir/link.txt --verbose=1]
  ignore line: [/usr/bin/clang++      -v CMakeFiles/cmTC_af87f.dir/CMakeCXXCompilerABI.cpp.o  -o cmTC_af87f ]
  ignore line: [clang version 6.0.0-1ubuntu2 (tags/RELEASE_600/final)]
  ignore line: [Target: x86_64-pc-linux-gnu]
  ignore line: [Thread model: posix]
  ignore line: [InstalledDir: /usr/bin]
  ignore line: [Found candidate GCC installation: /usr/bin/../lib/gcc/i686-linux-gnu/8]
  ignore line: [Found candidate GCC installation: /usr/bin/../lib/gcc/x86_64-linux-gnu/4.8]
  ignore line: [Found candidate GCC installation: /usr/bin/../lib/gcc/x86_64-linux-gnu/4.8.5]
  ignore line: [Found candidate GCC installation: /usr/bin/../lib/gcc/x86_64-linux-gnu/6]
  ignore line: [Found candidate GCC installation: /usr/bin/../lib/gcc/x86_64-linux-gnu/6.5.0]
  ignore line: [Found candidate GCC installation: /usr/bin/../lib/gcc/x86_64-linux-gnu/7]
  ignore line: [Found candidate GCC installation: /usr/bin/../lib/gcc/x86_64-linux-gnu/7.5.0]
  ignore line: [Found candidate GCC installation: /usr/bin/../lib/gcc/x86_64-linux-gnu/8]
  ignore line: [Found candidate GCC installation: /usr/lib/gcc/i686-linux-gnu/8]
  ignore line: [Found candidate GCC installation: /usr/lib/gcc/x86_64-linux-gnu/4.8]
  ignore line: [Found candidate GCC installation: /usr/lib/gcc/x86_64-linux-gnu/4.8.5]
  ignore line: [Found candidate GCC installation: /usr/lib/gcc/x86_64-linux-gnu/6]
  ignore line: [Found candidate GCC installation: /usr/lib/gcc/x86_64-linux-gnu/6.5.0]
  ignore line: [Found candidate GCC installation: /usr/lib/gcc/x86_64-linux-gnu/7]
  ignore line: [Found candidate GCC installation: /usr/lib/gcc/x86_64-linux-gnu/7.5.0]
  ignore line: [Found candidate GCC installation: /usr/lib/gcc/x86_64-linux-gnu/8]
  ignore line: [Selected GCC installation: /usr/bin/../lib/gcc/x86_64-linux-gnu/7.5.0]
  ignore line: [Candidate multilib: .]
  ignore line: [@m64]
  ignore line: [Candidate multilib: 32]
  ignore line: [@m32]
  ignore line: [Candidate multilib: x32]
  ignore line: [@mx32]
  ignore line: [Selected multilib: .]
  ignore line: [@m64]
  link line: [ "/usr/bin/ld" --eh-frame-hdr -m elf_x86_64 -dynamic-linker /lib64/ld-linux-x86-64.so.2 -o cmTC_af87f /usr/bin/../lib/gcc/x86_64-linux-gnu/7.5.0/../../../x86_64-linux-gnu/crt1.o /usr/bin/../lib/gcc/x86_64-linux-gnu/7.5.0/../../../x86_64-linux-gnu/crti.o /usr/bin/../lib/gcc/x86_64-linux-gnu/7.5.0/crtbegin.o -L/usr/bin/../lib/gcc/x86_64-linux-gnu/7.5.0 -L/usr/bin/../lib/gcc/x86_64-linux-gnu/7.5.0/../../../../x86_64-linux-gnu/lib/../lib64 -L/usr/bin/../lib/gcc/x86_64-linux-gnu/7.5.0/../../../x86_64-linux-gnu -L/lib/x86_64-linux-gnu -L/lib/../lib64 -L/usr/lib/x86_64-linux-gnu -L/usr/bin/../lib/gcc/x86_64-linux-gnu/7.5.0/../../../../x86_64-linux-gnu/lib -L/usr/bin/../lib/gcc/x86_64-linux-gnu/7.5.0/../../.. -L/usr/lib/llvm-6.0/bin/../lib -L/lib -L/usr/lib CMakeFiles/cmTC_af87f.dir/CMakeCXXCompilerABI.cpp.o -lstdc++ -lm -lgcc_s -lgcc -lc -lgcc_s -lgcc /usr/bin/../lib/gcc/x86_64-linux-gnu/7.5.0/crtend.o /usr/bin/../lib/gcc/x86_64-linux-gnu/7.5.0/../../../x86_64-linux-gnu/crtn.o]
    arg [/usr/bin/ld] ==> ignore
    arg [--eh-frame-hdr] ==> ignore
    arg [-m] ==> ignore
    arg [elf_x86_64] ==> ignore
    arg [-dynamic-linker] ==> ignore
    arg [/lib64/ld-linux-x86-64.so.2] ==> ignore
    arg [-o] ==> ignore
    arg [cmTC_af87f] ==> ignore
    arg [/usr/bin/../lib/gcc/x86_64-linux-gnu/7.5.0/../../../x86_64-linux-gnu/crt1.o] ==> ignore
    arg [/usr/bin/../lib/gcc/x86_64-linux-gnu/7.5.0/../../../x86_64-linux-gnu/crti.o] ==> ignore
    arg [/usr/bin/../lib/gcc/x86_64-linux-gnu/7.5.0/crtbegin.o] ==> ignore
    arg [-L/usr/bin/../lib/gcc/x86_64-linux-gnu/7.5.0] ==> dir [/usr/bin/../lib/gcc/x86_64-linux-gnu/7.5.0]
    arg [-L/usr/bin/../lib/gcc/x86_64-linux-gnu/7.5.0/../../../../x86_64-linux-gnu/lib/../lib64] ==> dir [/usr/bin/../lib/gcc/x86_64-linux-gnu/7.5.0/../../../../x86_64-linux-gnu/lib/../lib64]
    arg [-L/usr/bin/../lib/gcc/x86_64-linux-gnu/7.5.0/../../../x86_64-linux-gnu] ==> dir [/usr/bin/../lib/gcc/x86_64-linux-gnu/7.5.0/../../../x86_64-linux-gnu]
    arg [-L/lib/x86_64-linux-gnu] ==> dir [/lib/x86_64-linux-gnu]
    arg [-L/lib/../lib64] ==> dir [/lib/../lib64]
    arg [-L/usr/lib/x86_64-linux-gnu] ==> dir [/usr/lib/x86_64-linux-gnu]
    arg [-L/usr/bin/../lib/gcc/x86_64-linux-gnu/7.5.0/../../../../x86_64-linux-gnu/lib] ==> dir [/usr/bin/../lib/gcc/x86_64-linux-gnu/7.5.0/../../../../x86_64-linux-gnu/lib]
    arg [-L/usr/bin/../lib/gcc/x86_64-linux-gnu/7.5.0/../../..] ==> dir [/usr/bin/../lib/gcc/x86_64-linux-gnu/7.5.0/../../..]
    arg [-L/usr/lib/llvm-6.0/bin/../lib] ==> dir [/usr/lib/llvm-6.0/bin/../lib]
    arg [-L/lib] ==> dir [/lib]
    arg [-L/usr/lib] ==> dir [/usr/lib]
    arg [CMakeFiles/cmTC_af87f.dir/CMakeCXXCompilerABI.cpp.o] ==> ignore
    arg [-lstdc++] ==> lib [stdc++]
    arg [-lm] ==> lib [m]
    arg [-lgcc_s] ==> lib [gcc_s]
    arg [-lgcc] ==> lib [gcc]
    arg [-lc] ==> lib [c]
    arg [-lgcc_s] ==> lib [gcc_s]
    arg [-lgcc] ==> lib [gcc]
    arg [/usr/bin/../lib/gcc/x86_64-linux-gnu/7.5.0/crtend.o] ==> ignore
    arg [/usr/bin/../lib/gcc/x86_64-linux-gnu/7.5.0/../../../x86_64-linux-gnu/crtn.o] ==> ignore
  collapse library dir [/usr/bin/../lib/gcc/x86_64-linux-gnu/7.5.0] ==> [/usr/lib/gcc/x86_64-linux-gnu/7.5.0]
  collapse library dir [/usr/bin/../lib/gcc/x86_64-linux-gnu/7.5.0/../../../../x86_64-linux-gnu/lib/../lib64] ==> [/usr/x86_64-linux-gnu/lib64]
  collapse library dir [/usr/bin/../lib/gcc/x86_64-linux-gnu/7.5.0/../../../x86_64-linux-gnu] ==> [/usr/lib/x86_64-linux-gnu]
  collapse library dir [/lib/x86_64-linux-gnu] ==> [/lib/x86_64-linux-gnu]
  collapse library dir [/lib/../lib64] ==> [/lib64]
  collapse library dir [/usr/lib/x86_64-linux-gnu] ==> [/usr/lib/x86_64-linux-gnu]
  collapse library dir [/usr/bin/../lib/gcc/x86_64-linux-gnu/7.5.0/../../../../x86_64-linux-gnu/lib] ==> [/usr/x86_64-linux-gnu/lib]
  collapse library dir [/usr/bin/../lib/gcc/x86_64-linux-gnu/7.5.0/../../..] ==> [/usr/lib]
  collapse library dir [/usr/lib/llvm-6.0/bin/../lib] ==> [/usr/lib/llvm-6.0/lib]
  collapse library dir [/lib] ==> [/lib]
  collapse library dir [/usr/lib] ==> [/usr/lib]
  implicit libs: [stdc++;m;gcc_s;gcc;c;gcc_s;gcc]
  implicit dirs: [/usr/lib/gcc/x86_64-linux-gnu/7.5.0;/usr/x86_64-linux-gnu/lib64;/usr/lib/x86_64-linux-gnu;/lib/x86_64-linux-gnu;/lib64;/usr/x86_64-linux-gnu/lib;/usr/lib;/usr/lib/llvm-6.0/lib;/lib]
  implicit fwks: []




Detecting CXX [-std=c++1z] compiler features compiled with the following output:
Change Dir: /home/jacob/Desktop/OO-Types/CMakeFiles/CMakeTmp

Run Build Command:"/usr/bin/make" "cmTC_0a184/fast"
/usr/bin/make -f CMakeFiles/cmTC_0a184.dir/build.make CMakeFiles/cmTC_0a184.dir/build
make[1]: Entering directory '/home/jacob/Desktop/OO-Types/CMakeFiles/CMakeTmp'
Building CXX object CMakeFiles/cmTC_0a184.dir/feature_tests.cxx.o
/usr/bin/clang++    -std=c++1z -std=gnu++1z -o CMakeFiles/cmTC_0a184.dir/feature_tests.cxx.o -c /home/jacob/Desktop/OO-Types/CMakeFiles/feature_tests.cxx
Linking CXX executable cmTC_0a184
/usr/bin/cmake -E cmake_link_script CMakeFiles/cmTC_0a184.dir/link.txt --verbose=1
/usr/bin/clang++       CMakeFiles/cmTC_0a184.dir/feature_tests.cxx.o  -o cmTC_0a184 
make[1]: Leaving directory '/home/jacob/Desktop/OO-Types/CMakeFiles/CMakeTmp'


    Feature record: CXX_FEATURE:1cxx_aggregate_default_initializers
    Feature record: CXX_FEATURE:1cxx_alias_templates
    Feature record: CXX_FEATURE:1cxx_alignas
    Feature record: CXX_FEATURE:1cxx_alignof
    Feature record: CXX_FEATURE:1cxx_attributes
    Feature record: CXX_FEATURE:1cxx_attribute_deprecated
    Feature record: CXX_FEATURE:1cxx_auto_type
    Feature record: CXX_FEATURE:1cxx_binary_literals
    Feature record: CXX_FEATURE:1cxx_constexpr
    Feature record: CXX_FEATURE:1cxx_contextual_conversions
    Feature record: CXX_FEATURE:1cxx_decltype
    Feature record: CXX_FEATURE:1cxx_decltype_auto
    Feature record: CXX_FEATURE:1cxx_decltype_incomplete_return_types
    Feature record: CXX_FEATURE:1cxx_default_function_template_args
    Feature record: CXX_FEATURE:1cxx_defaulted_functions
    Feature record: CXX_FEATURE:1cxx_defaulted_move_initializers
    Feature record: CXX_FEATURE:1cxx_delegating_constructors
    Feature record: CXX_FEATURE:1cxx_deleted_functions
    Feature record: CXX_FEATURE:1cxx_digit_separators
    Feature record: CXX_FEATURE:1cxx_enum_forward_declarations
    Feature record: CXX_FEATURE:1cxx_explicit_conversions
    Feature record: CXX_FEATURE:1cxx_extended_friend_declarations
    Feature record: CXX_FEATURE:1cxx_extern_templates
    Feature record: CXX_FEATURE:1cxx_final
    Feature record: CXX_FEATURE:1cxx_func_identifier
    Feature record: CXX_FEATURE:1cxx_generalized_initializers
    Feature record: CXX_FEATURE:1cxx_generic_lambdas
    Feature record: CXX_FEATURE:1cxx_inheriting_constructors
    Feature record: CXX_FEATURE:1cxx_inline_namespaces
    Feature record: CXX_FEATURE:1cxx_lambdas
    Feature record: CXX_FEATURE:1cxx_lambda_init_captures
    Feature record: CXX_FEATURE:1cxx_local_type_template_args
    Feature record: CXX_FEATURE:1cxx_long_long_type
    Feature record: CXX_FEATURE:1cxx_noexcept
    Feature record: CXX_FEATURE:1cxx_nonstatic_member_init
    Feature record: CXX_FEATURE:1cxx_nullptr
    Feature record: CXX_FEATURE:1cxx_override
    Feature record: CXX_FEATURE:1cxx_range_for
    Feature record: CXX_FEATURE:1cxx_raw_string_literals
    Feature record: CXX_FEATURE:1cxx_reference_qualified_functions
    Feature record: CXX_FEATURE:1cxx_relaxed_constexpr
    Feature record: CXX_FEATURE:1cxx_return_type_deduction
    Feature record: CXX_FEATURE:1cxx_right_angle_brackets
    Feature record: CXX_FEATURE:1cxx_rvalue_references
    Feature record: CXX_FEATURE:1cxx_sizeof_member
    Feature record: CXX_FEATURE:1cxx_static_assert
    Feature record: CXX_FEATURE:1cxx_strong_enums
    Feature record: CXX_FEATURE:1cxx_template_template_parameters
    Feature record: CXX_FEATURE:1cxx_thread_local
    Feature record: CXX_FEATURE:1cxx_trailing_return_types
    Feature record: CXX_FEATURE:1cxx_unicode_literals
    Feature record: CXX_FEATURE:1cxx_uniform_initialization
    Feature record: CXX_FEATURE:1cxx_unrestricted_unions
    Feature record: CXX_FEATURE:1cxx_user_literals
    Feature record: CXX_FEATURE:1cxx_variable_templates
    Feature record: CXX_FEATURE:1cxx_variadic_macros
    Feature record: CXX_FEATURE:1cxx_variadic_templates


Detecting CXX [-std=c++14] compiler features compiled with the following output:
Change Dir: /home/jacob/Desktop/OO-Types/CMakeFiles/CMakeTmp

Run Build Command:"/usr/bin/make" "cmTC_1095e/fast"
/usr/bin/make -f CMakeFiles/cmTC_1095e.dir/build.make CMakeFiles/cmTC_1095e.dir/build
make[1]: Entering directory '/home/jacob/Desktop/OO-Types/CMakeFiles/CMakeTmp'
Building CXX object CMakeFiles/cmTC_1095e.dir/feature_tests.cxx.o
/usr/bin/clang++    -std=c++14 -std=gnu++1z -o CMakeFiles/cmTC_1095e.dir/feature_tests.cxx.o -c /home/jacob/Desktop/OO-Types/CMakeFiles/feature_tests.cxx
Linking CXX executable cmTC_1095e
/usr/bin/cmake -E cmake_link_script CMakeFiles/cmTC_1095e.dir/link.txt --verbose=1
/usr/bin/clang++       CMakeFiles/cmTC_1095e.dir/feature_tests.cxx.o  -o cmTC_1095e 
make[1]: Leaving directory '/home/jacob/Desktop/OO-Types/CMakeFiles/CMakeTmp'


    Feature record: CXX_FEATURE:1cxx_aggregate_default_initializers
    Feature record: CXX_FEATURE:1cxx_alias_templates
    Feature record: CXX_FEATURE:1cxx_alignas
    Feature record: CXX_FEATURE:1cxx_alignof
    Feature record: CXX_FEATURE:1cxx_attributes
    Feature record: CXX_FEATURE:1cxx_attribute_deprecated
    Feature record: CXX_FEATURE:1cxx_auto_type
    Feature record: CXX_FEATURE:1cxx_binary_literals
    Feature record: CXX_FEATURE:1cxx_constexpr
    Feature record: CXX_FEATURE:1cxx_contextual_conversions
    Feature record: CXX_FEATURE:1cxx_decltype
    Feature record: CXX_FEATURE:1cxx_decltype_auto
    Feature record: CXX_FEATURE:1cxx_decltype_incomplete_return_types
    Feature record: CXX_FEATURE:1cxx_default_function_template_args
    Feature record: CXX_FEATURE:1cxx_defaulted_functions
    Feature record: CXX_FEATURE:1cxx_defaulted_move_initializers
    Feature record: CXX_FEATURE:1cxx_delegating_constructors
    Feature record: CXX_FEATURE:1cxx_deleted_functions
    Feature record: CXX_FEATURE:1cxx_digit_separators
    Feature record: CXX_FEATURE:1cxx_enum_forward_declarations
    Feature record: CXX_FEATURE:1cxx_explicit_conversions
    Feature record: CXX_FEATURE:1cxx_extended_friend_declarations
    Feature record: CXX_FEATURE:1cxx_extern_templates
    Feature record: CXX_FEATURE:1cxx_final
    Feature record: CXX_FEATURE:1cxx_func_identifier
    Feature record: CXX_FEATURE:1cxx_generalized_initializers
    Feature record: CXX_FEATURE:1cxx_generic_lambdas
    Feature record: CXX_FEATURE:1cxx_inheriting_constructors
    Feature record: CXX_FEATURE:1cxx_inline_namespaces
    Feature record: CXX_FEATURE:1cxx_lambdas
    Feature record: CXX_FEATURE:1cxx_lambda_init_captures
    Feature record: CXX_FEATURE:1cxx_local_type_template_args
    Feature record: CXX_FEATURE:1cxx_long_long_type
    Feature record: CXX_FEATURE:1cxx_noexcept
    Feature record: CXX_FEATURE:1cxx_nonstatic_member_init
    Feature record: CXX_FEATURE:1cxx_nullptr
    Feature record: CXX_FEATURE:1cxx_override
    Feature record: CXX_FEATURE:1cxx_range_for
    Feature record: CXX_FEATURE:1cxx_raw_string_literals
    Feature record: CXX_FEATURE:1cxx_reference_qualified_functions
    Feature record: CXX_FEATURE:1cxx_relaxed_constexpr
    Feature record: CXX_FEATURE:1cxx_return_type_deduction
    Feature record: CXX_FEATURE:1cxx_right_angle_brackets
    Feature record: CXX_FEATURE:1cxx_rvalue_references
    Feature record: CXX_FEATURE:1cxx_sizeof_member
    Feature record: CXX_FEATURE:1cxx_static_assert
    Feature record: CXX_FEATURE:1cxx_strong_enums
    Feature record: CXX_FEATURE:1cxx_template_template_parameters
    Feature record: CXX_FEATURE:1cxx_thread_local
    Feature record: CXX_FEATURE:1cxx_trailing_return_types
    Feature record: CXX_FEATURE:1cxx_unicode_literals
    Feature record: CXX_FEATURE:1cxx_uniform_initialization
    Feature record: CXX_FEATURE:1cxx_unrestricted_unions
    Feature record: CXX_FEATURE:1cxx_user_literals
    Feature record: CXX_FEATURE:1cxx_variable_templates
    Feature record: CXX_FEATURE:1cxx_variadic_macros
    Feature record: CXX_FEATURE:1cxx_variadic_templates


Detecting CXX [-std=c++11] compiler features compiled with the following output:
Change Dir: /home/jacob/Desktop/OO-Types/CMakeFiles/CMakeTmp

Run Build Command:"/usr/bin/make" "cmTC_35a74/fast"
/usr/bin/make -f CMakeFiles/cmTC_35a74.dir/build.make CMakeFiles/cmTC_35a74.dir/build
make[1]: Entering directory '/home/jacob/Desktop/OO-Types/CMakeFiles/CMakeTmp'
Building CXX object CMakeFiles/cmTC_35a74.dir/feature_tests.cxx.o
/usr/bin/clang++    -std=c++11 -std=gnu++1z -o CMakeFiles/cmTC_35a74.dir/feature_tests.cxx.o -c /home/jacob/Desktop/OO-Types/CMakeFiles/feature_tests.cxx
Linking CXX executable cmTC_35a74
/usr/bin/cmake -E cmake_link_script CMakeFiles/cmTC_35a74.dir/link.txt --verbose=1
/usr/bin/clang++       CMakeFiles/cmTC_35a74.dir/feature_tests.cxx.o  -o cmTC_35a74 
make[1]: Leaving directory '/home/jacob/Desktop/OO-Types/CMakeFiles/CMakeTmp'


    Feature record: CXX_FEATURE:1cxx_aggregate_default_initializers
    Feature record: CXX_FEATURE:1cxx_alias_templates
    Feature record: CXX_FEATURE:1cxx_alignas
    Feature record: CXX_FEATURE:1cxx_alignof
    Feature record: CXX_FEATURE:1cxx_attributes
    Feature record: CXX_FEATURE:1cxx_attribute_deprecated
    Feature record: CXX_FEATURE:1cxx_auto_type
    Feature record: CXX_FEATURE:1cxx_binary_literals
    Feature record: CXX_FEATURE:1cxx_constexpr
    Feature record: CXX_FEATURE:1cxx_contextual_conversions
    Feature record: CXX_FEATURE:1cxx_decltype
    Feature record: CXX_FEATURE:1cxx_decltype_auto
    Feature record: CXX_FEATURE:1cxx_decltype_incomplete_return_types
    Feature record: CXX_FEATURE:1cxx_default_function_template_args
    Feature record: CXX_FEATURE:1cxx_defaulted_functions
    Feature record: CXX_FEATURE:1cxx_defaulted_move_initializers
    Feature record: CXX_FEATURE:1cxx_delegating_constructors
    Feature record: CXX_FEATURE:1cxx_deleted_functions
    Feature record: CXX_FEATURE:1cxx_digit_separators
    Feature record: CXX_FEATURE:1cxx_enum_forward_declarations
    Feature record: CXX_FEATURE:1cxx_explicit_conversions
    Feature record: CXX_FEATURE:1cxx_extended_friend_declarations
    Feature record: CXX_FEATURE:1cxx_extern_templates
    Feature record: CXX_FEATURE:1cxx_final
    Feature record: CXX_FEATURE:1cxx_func_identifier
    Feature record: CXX_FEATURE:1cxx_generalized_initializers
    Feature record: CXX_FEATURE:1cxx_generic_lambdas
    Feature record: CXX_FEATURE:1cxx_inheriting_constructors
    Feature record: CXX_FEATURE:1cxx_inline_namespaces
    Feature record: CXX_FEATURE:1cxx_lambdas
    Feature record: CXX_FEATURE:1cxx_lambda_init_captures
    Feature record: CXX_FEATURE:1cxx_local_type_template_args
    Feature record: CXX_FEATURE:1cxx_long_long_type
    Feature record: CXX_FEATURE:1cxx_noexcept
    Feature record: CXX_FEATURE:1cxx_nonstatic_member_init
    Feature record: CXX_FEATURE:1cxx_nullptr
    Feature record: CXX_FEATURE:1cxx_override
    Feature record: CXX_FEATURE:1cxx_range_for
    Feature record: CXX_FEATURE:1cxx_raw_string_literals
    Feature record: CXX_FEATURE:1cxx_reference_qualified_functions
    Feature record: CXX_FEATURE:1cxx_relaxed_constexpr
    Feature record: CXX_FEATURE:1cxx_return_type_deduction
    Feature record: CXX_FEATURE:1cxx_right_angle_brackets
    Feature record: CXX_FEATURE:1cxx_rvalue_references
    Feature record: CXX_FEATURE:1cxx_sizeof_member
    Feature record: CXX_FEATURE:1cxx_static_assert
    Feature record: CXX_FEATURE:1cxx_strong_enums
    Feature record: CXX_FEATURE:1cxx_template_template_parameters
    Feature record: CXX_FEATURE:1cxx_thread_local
    Feature record: CXX_FEATURE:1cxx_trailing_return_types
    Feature record: CXX_FEATURE:1cxx_unicode_literals
    Feature record: CXX_FEATURE:1cxx_uniform_initialization
    Feature record: CXX_FEATURE:1cxx_unrestricted_unions
    Feature record: CXX_FEATURE:1cxx_user_literals
    Feature record: CXX_FEATURE:1cxx_variable_templates
    Feature record: CXX_FEATURE:1cxx_variadic_macros
    Feature record: CXX_FEATURE:1cxx_variadic_templates


Detecting CXX [-std=c++98] compiler features compiled with the following output:
Change Dir: /home/jacob/Desktop/OO-Types/CMakeFiles/CMakeTmp

Run Build Command:"/usr/bin/make" "cmTC_caaa2/fast"
/usr/bin/make -f CMakeFiles/cmTC_caaa2.dir/build.make CMakeFiles/cmTC_caaa2.dir/build
make[1]: Entering directory '/home/jacob/Desktop/OO-Types/CMakeFiles/CMakeTmp'
Building CXX object CMakeFiles/cmTC_caaa2.dir/feature_tests.cxx.o
/usr/bin/clang++    -std=c++98 -std=gnu++1z -o CMakeFiles/cmTC_caaa2.dir/feature_tests.cxx.o -c /home/jacob/Desktop/OO-Types/CMakeFiles/feature_tests.cxx
Linking CXX executable cmTC_caaa2
/usr/bin/cmake -E cmake_link_script CMakeFiles/cmTC_caaa2.dir/link.txt --verbose=1
/usr/bin/clang++       CMakeFiles/cmTC_caaa2.dir/feature_tests.cxx.o  -o cmTC_caaa2 
make[1]: Leaving directory '/home/jacob/Desktop/OO-Types/CMakeFiles/CMakeTmp'


    Feature record: CXX_FEATURE:1cxx_aggregate_default_initializers
    Feature record: CXX_FEATURE:1cxx_alias_templates
    Feature record: CXX_FEATURE:1cxx_alignas
    Feature record: CXX_FEATURE:1cxx_alignof
    Feature record: CXX_FEATURE:1cxx_attributes
    Feature record: CXX_FEATURE:1cxx_attribute_deprecated
    Feature record: CXX_FEATURE:1cxx_auto_type
    Feature record: CXX_FEATURE:1cxx_binary_literals
    Feature record: CXX_FEATURE:1cxx_constexpr
    Feature record: CXX_FEATURE:1cxx_contextual_conversions
    Feature record: CXX_FEATURE:1cxx_decltype
    Feature record: CXX_FEATURE:1cxx_decltype_auto
    Feature record: CXX_FEATURE:1cxx_decltype_incomplete_return_types
    Feature record: CXX_FEATURE:1cxx_default_function_template_args
    Feature record: CXX_FEATURE:1cxx_defaulted_functions
    Feature record: CXX_FEATURE:1cxx_defaulted_move_initializers
    Feature record: CXX_FEATURE:1cxx_delegating_constructors
    Feature record: CXX_FEATURE:1cxx_deleted_functions
    Feature record: CXX_FEATURE:1cxx_digit_separators
    Feature record: CXX_FEATURE:1cxx_enum_forward_declarations
    Feature record: CXX_FEATURE:1cxx_explicit_conversions
    Feature record: CXX_FEATURE:1cxx_extended_friend_declarations
    Feature record: CXX_FEATURE:1cxx_extern_templates
    Feature record: CXX_FEATURE:1cxx_final
    Feature record: CXX_FEATURE:1cxx_func_identifier
    Feature record: CXX_FEATURE:1cxx_generalized_initializers
    Feature record: CXX_FEATURE:1cxx_generic_lambdas
    Feature record: CXX_FEATURE:1cxx_inheriting_constructors
    Feature record: CXX_FEATURE:1cxx_inline_namespaces
    Feature record: CXX_FEATURE:1cxx_lambdas
    Feature record: CXX_FEATURE:1cxx_lambda_init_captures
    Feature record: CXX_FEATURE:1cxx_local_type_template_args
    Feature record: CXX_FEATURE:1cxx_long_long_type
    Feature record: CXX_FEATURE:1cxx_noexcept
    Feature record: CXX_FEATURE:1cxx_nonstatic_member_init
    Feature record: CXX_FEATURE:1cxx_nullptr
    Feature record: CXX_FEATURE:1cxx_override
    Feature record: CXX_FEATURE:1cxx_range_for
    Feature record: CXX_FEATURE:1cxx_raw_string_literals
    Feature record: CXX_FEATURE:1cxx_reference_qualified_functions
    Feature record: CXX_FEATURE:1cxx_relaxed_constexpr
    Feature record: CXX_FEATURE:1cxx_return_type_deduction
    Feature record: CXX_FEATURE:1cxx_right_angle_brackets
    Feature record: CXX_FEATURE:1cxx_rvalue_references
    Feature record: CXX_FEATURE:1cxx_sizeof_member
    Feature record: CXX_FEATURE:1cxx_static_assert
    Feature record: CXX_FEATURE:1cxx_strong_enums
    Feature record: CXX_FEATURE:1cxx_template_template_parameters
    Feature record: CXX_FEATURE:1cxx_thread_local
    Feature record: CXX_FEATURE:1cxx_trailing_return_types
    Feature record: CXX_FEATURE:1cxx_unicode_literals
    Feature record: CXX_FEATURE:1cxx_uniform_initialization
    Feature record: CXX_FEATURE:1cxx_unrestricted_unions
    Feature record: CXX_FEATURE:1cxx_user_literals
    Feature record: CXX_FEATURE:1cxx_variable_templates
    Feature record: CXX_FEATURE:1cxx_variadic_macros
    Feature record: CXX_FEATURE:1cxx_variadic_templates
